Determining if the C compiler works failed with the following output:
Change Dir: F:/ACM/2019ACM/牛客878I/cmake-build-debug/CMakeFiles/CMakeTmp

Run Build Command(s):C:/MinGW/bin/mingw32-make.exe cmTC_8a8d1/fast 
C:/MinGW/bin/mingw32-make.exe -f CMakeFiles\cmTC_8a8d1.dir\build.make CMakeFiles/cmTC_8a8d1.dir/build
mingw32-make.exe[1]: Entering directory 'F:/ACM/2019ACM/牛客878I/cmake-build-debug/CMakeFiles/CMakeTmp'
Building C object CMakeFiles/cmTC_8a8d1.dir/testCCompiler.c.obj
C:\MinGW\bin\gcc.exe    -o CMakeFiles\cmTC_8a8d1.dir\testCCompiler.c.obj   -c F:\ACM\2019ACM\鐗涘878I\cmake-build-debug\CMakeFiles\CMakeTmp\testCCompiler.c
gcc.exe: error: F:\ACM\2019ACM\鐗涘878I\cmake-build-debug\CMakeFiles\CMakeTmp\testCCompiler.c: No such file or directory
gcc.exe: fatal error: no input files
compilation terminated.
CMakeFiles\cmTC_8a8d1.dir\build.make:64: recipe for target 'CMakeFiles/cmTC_8a8d1.dir/testCCompiler.c.obj' failed
mingw32-make.exe[1]: *** [CMakeFiles/cmTC_8a8d1.dir/testCCompiler.c.obj] Error 1
mingw32-make.exe[1]: Leaving directory 'F:/ACM/2019ACM/牛客878I/cmake-build-debug/CMakeFiles/CMakeTmp'
Makefile:120: recipe for target 'cmTC_8a8d1/fast' failed
mingw32-make.exe: *** [cmTC_8a8d1/fast] Error 2


Determining if the C compiler works failed with the following output:
Change Dir: F:/ACM/2019ACM/牛客878I/cmake-build-debug/CMakeFiles/CMakeTmp

Run Build Command(s):C:/MinGW/bin/mingw32-make.exe cmTC_620fd/fast 
C:/MinGW/bin/mingw32-make.exe -f CMakeFiles\cmTC_620fd.dir\build.make CMakeFiles/cmTC_620fd.dir/build
mingw32-make.exe[1]: Entering directory 'F:/ACM/2019ACM/牛客878I/cmake-build-debug/CMakeFiles/CMakeTmp'
Building C object CMakeFiles/cmTC_620fd.dir/testCCompiler.c.obj
C:\MinGW\bin\gcc.exe    -o CMakeFiles\cmTC_620fd.dir\testCCompiler.c.obj   -c F:\ACM\2019ACM\鐗涘878I\cmake-build-debug\CMakeFiles\CMakeTmp\testCCompiler.c
gcc.exe: error: F:\ACM\2019ACM\鐗涘878I\cmake-build-debug\CMakeFiles\CMakeTmp\testCCompiler.c: No such file or directory
gcc.exe: fatal error: no input files
compilation terminated.
CMakeFiles\cmTC_620fd.dir\build.make:64: recipe for target 'CMakeFiles/cmTC_620fd.dir/testCCompiler.c.obj' failed
mingw32-make.exe[1]: *** [CMakeFiles/cmTC_620fd.dir/testCCompiler.c.obj] Error 1
mingw32-make.exe[1]: Leaving directory 'F:/ACM/2019ACM/牛客878I/cmake-build-debug/CMakeFiles/CMakeTmp'
Makefile:120: recipe for target 'cmTC_620fd/fast' failed
mingw32-make.exe: *** [cmTC_620fd/fast] Error 2


